SF:lib/unit_test/counter.dart
DA:3,0
DA:5,2
DA:7,0
DA:9,2
DA:11,2
LF:5
LH:3
end_of_record
SF:lib/domain/model/album.dart
DA:11,2
DA:17,4
DA:18,0
LF:3
LH:2
end_of_record
SF:lib/domain/model/album.g.dart
DA:9,4
DA:10,2
DA:11,2
DA:12,2
DA:15,0
DA:16,0
DA:17,0
DA:18,0
LF:8
LH:4
end_of_record
SF:lib/unit_test/fetch_album.dart
DA:7,2
DA:9,2
DA:10,4
DA:12,4
DA:13,6
DA:15,1
DA:18,2
LF:7
LH:7
end_of_record
SF:lib/widget_test/my_widget.dart
DA:4,1
DA:8,0
DA:12,1
DA:14,1
DA:16,1
DA:17,1
DA:18,2
DA:20,1
DA:21,2
LF:9
LH:8
end_of_record
SF:lib/main.dart
DA:4,0
DA:5,0
DA:10,1
DA:13,1
DA:15,1
DA:17,1
DA:35,2
DA:48,1
DA:49,1
DA:55,1
DA:56,2
DA:62,2
DA:66,1
DA:74,1
DA:75,1
DA:78,3
DA:80,1
DA:83,1
DA:99,1
DA:103,1
DA:104,2
DA:105,3
DA:110,1
DA:111,1
LF:24
LH:22
end_of_record
SF:lib/widget_test/todo_list.dart
DA:4,3
DA:6,1
DA:7,1
DA:14,1
DA:16,2
DA:17,1
DA:20,1
DA:22,1
DA:24,1
DA:25,1
DA:28,1
DA:29,1
DA:30,1
DA:31,1
DA:33,1
DA:34,1
DA:35,2
DA:36,1
DA:37,2
DA:38,1
DA:39,2
DA:40,1
DA:41,1
DA:43,3
DA:44,1
DA:51,1
DA:52,1
DA:53,4
DA:56,2
DA:57,4
DA:58,2
LF:31
LH:31
end_of_record
